[0.142s] DEBUG:colcon:Command line arguments: ['/usr/bin/colcon', 'build']
[0.142s] DEBUG:colcon:Parsed command line arguments: Namespace(log_base=None, log_level=None, verb_name='build', build_base='build', install_base='install', merge_install=False, symlink_install=False, test_result_base=None, continue_on_error=False, executor='parallel', parallel_workers=4, event_handlers=None, ignore_user_meta=False, metas=['./colcon.meta'], base_paths=['.'], packages_ignore=None, packages_ignore_regex=None, paths=None, packages_up_to=None, packages_up_to_regex=None, packages_above=None, packages_above_and_dependencies=None, packages_above_depth=None, packages_select_by_dep=None, packages_skip_by_dep=None, packages_skip_up_to=None, packages_select_build_failed=False, packages_skip_build_finished=False, packages_select_test_failures=False, packages_skip_test_passed=False, packages_select=None, packages_skip=None, packages_select_regex=None, packages_skip_regex=None, packages_start=None, packages_end=None, allow_overriding=[], cmake_args=None, cmake_target=None, cmake_target_skip_unavailable=False, cmake_clean_cache=False, cmake_clean_first=False, cmake_force_configure=False, ament_cmake_args=None, catkin_cmake_args=None, catkin_skip_building_tests=False, mixin_files=None, mixin=None, verb_parser=<colcon_mixin.mixin.mixin_argument.MixinArgumentDecorator object at 0x773d26748790>, verb_extension=<colcon_core.verb.build.BuildVerb object at 0x773d267481f0>, main=<bound method BuildVerb.main of <colcon_core.verb.build.BuildVerb object at 0x773d267481f0>>, mixin_verb=('build',))
[0.363s] Level 1:colcon.colcon_core.package_discovery:discover_packages(colcon_meta) check parameters
[0.363s] Level 1:colcon.colcon_core.package_discovery:discover_packages(recursive) check parameters
[0.363s] Level 1:colcon.colcon_core.package_discovery:discover_packages(ignore) check parameters
[0.363s] Level 1:colcon.colcon_core.package_discovery:discover_packages(path) check parameters
[0.363s] Level 1:colcon.colcon_core.package_discovery:discover_packages(colcon_meta) discover
[0.363s] Level 1:colcon.colcon_core.package_discovery:discover_packages(recursive) discover
[0.363s] INFO:colcon.colcon_core.package_discovery:Crawling recursively for packages in '/home/ziad/ziad_ws/Project_V2V/elegoo_emdedded/robot_ros2'
[0.363s] Level 1:colcon.colcon_core.package_identification:_identify(.) by extensions ['ignore', 'ignore_ament_install']
[0.363s] Level 1:colcon.colcon_core.package_identification:_identify(.) by extension 'ignore'
[0.364s] Level 1:colcon.colcon_core.package_identification:_identify(.) by extension 'ignore_ament_install'
[0.364s] Level 1:colcon.colcon_core.package_identification:_identify(.) by extensions ['colcon_pkg']
[0.364s] Level 1:colcon.colcon_core.package_identification:_identify(.) by extension 'colcon_pkg'
[0.364s] Level 1:colcon.colcon_core.package_identification:_identify(.) by extensions ['colcon_meta']
[0.364s] Level 1:colcon.colcon_core.package_identification:_identify(.) by extension 'colcon_meta'
[0.364s] Level 1:colcon.colcon_core.package_identification:_identify(.) by extensions ['ros']
[0.364s] Level 1:colcon.colcon_core.package_identification:_identify(.) by extension 'ros'
[0.377s] Level 1:colcon.colcon_core.package_identification:_identify(.) by extensions ['cmake', 'python']
[0.377s] Level 1:colcon.colcon_core.package_identification:_identify(.) by extension 'cmake'
[0.377s] Level 1:colcon.colcon_core.package_identification:_identify(.) by extension 'python'
[0.377s] Level 1:colcon.colcon_core.package_identification:_identify(.) by extensions ['python_setup_py']
[0.377s] Level 1:colcon.colcon_core.package_identification:_identify(.) by extension 'python_setup_py'
[0.377s] Level 1:colcon.colcon_core.package_identification:_identify(build) by extensions ['ignore', 'ignore_ament_install']
[0.377s] Level 1:colcon.colcon_core.package_identification:_identify(build) by extension 'ignore'
[0.377s] Level 1:colcon.colcon_core.package_identification:_identify(build) ignored
[0.377s] Level 1:colcon.colcon_core.package_identification:_identify(install) by extensions ['ignore', 'ignore_ament_install']
[0.378s] Level 1:colcon.colcon_core.package_identification:_identify(install) by extension 'ignore'
[0.378s] Level 1:colcon.colcon_core.package_identification:_identify(install) ignored
[0.378s] Level 1:colcon.colcon_core.package_identification:_identify(log) by extensions ['ignore', 'ignore_ament_install']
[0.378s] Level 1:colcon.colcon_core.package_identification:_identify(log) by extension 'ignore'
[0.378s] Level 1:colcon.colcon_core.package_identification:_identify(log) ignored
[0.378s] Level 1:colcon.colcon_core.package_identification:_identify(src) by extensions ['ignore', 'ignore_ament_install']
[0.378s] Level 1:colcon.colcon_core.package_identification:_identify(src) by extension 'ignore'
[0.378s] Level 1:colcon.colcon_core.package_identification:_identify(src) by extension 'ignore_ament_install'
[0.378s] Level 1:colcon.colcon_core.package_identification:_identify(src) by extensions ['colcon_pkg']
[0.378s] Level 1:colcon.colcon_core.package_identification:_identify(src) by extension 'colcon_pkg'
[0.378s] Level 1:colcon.colcon_core.package_identification:_identify(src) by extensions ['colcon_meta']
[0.378s] Level 1:colcon.colcon_core.package_identification:_identify(src) by extension 'colcon_meta'
[0.378s] Level 1:colcon.colcon_core.package_identification:_identify(src) by extensions ['ros']
[0.378s] Level 1:colcon.colcon_core.package_identification:_identify(src) by extension 'ros'
[0.378s] Level 1:colcon.colcon_core.package_identification:_identify(src) by extensions ['cmake', 'python']
[0.378s] Level 1:colcon.colcon_core.package_identification:_identify(src) by extension 'cmake'
[0.379s] Level 1:colcon.colcon_core.package_identification:_identify(src) by extension 'python'
[0.379s] Level 1:colcon.colcon_core.package_identification:_identify(src) by extensions ['python_setup_py']
[0.379s] Level 1:colcon.colcon_core.package_identification:_identify(src) by extension 'python_setup_py'
[0.379s] Level 1:colcon.colcon_core.package_identification:_identify(src/elegoo_description) by extensions ['ignore', 'ignore_ament_install']
[0.379s] Level 1:colcon.colcon_core.package_identification:_identify(src/elegoo_description) by extension 'ignore'
[0.379s] Level 1:colcon.colcon_core.package_identification:_identify(src/elegoo_description) by extension 'ignore_ament_install'
[0.379s] Level 1:colcon.colcon_core.package_identification:_identify(src/elegoo_description) by extensions ['colcon_pkg']
[0.379s] Level 1:colcon.colcon_core.package_identification:_identify(src/elegoo_description) by extension 'colcon_pkg'
[0.379s] Level 1:colcon.colcon_core.package_identification:_identify(src/elegoo_description) by extensions ['colcon_meta']
[0.379s] Level 1:colcon.colcon_core.package_identification:_identify(src/elegoo_description) by extension 'colcon_meta'
[0.379s] Level 1:colcon.colcon_core.package_identification:_identify(src/elegoo_description) by extensions ['ros']
[0.379s] Level 1:colcon.colcon_core.package_identification:_identify(src/elegoo_description) by extension 'ros'
[0.382s] DEBUG:colcon.colcon_core.package_identification:Package 'src/elegoo_description' with type 'ros.ament_cmake' and name 'elegoo_description'
[0.382s] Level 1:colcon.colcon_core.package_discovery:discover_packages(recursive) using defaults
[0.382s] Level 1:colcon.colcon_core.package_discovery:discover_packages(ignore) discover
[0.382s] Level 1:colcon.colcon_core.package_discovery:discover_packages(ignore) using defaults
[0.382s] Level 1:colcon.colcon_core.package_discovery:discover_packages(path) discover
[0.382s] Level 1:colcon.colcon_core.package_discovery:discover_packages(path) using defaults
[0.417s] Level 1:colcon.colcon_core.package_discovery:discover_packages(prefix_path) check parameters
[0.417s] Level 1:colcon.colcon_core.package_discovery:discover_packages(prefix_path) discover
[0.418s] WARNING:colcon.colcon_core.prefix_path.colcon:The path '/home/ziad/ziad_ws/Project_V2V/elegoo_ros_sim/install' in the environment variable COLCON_PREFIX_PATH doesn't exist
[0.418s] WARNING:colcon.colcon_ros.prefix_path.ament:The path '/home/ziad/ziad_ws/Project_V2V/elegoo_ros_sim/install/elegoo_description' in the environment variable AMENT_PREFIX_PATH doesn't exist
[0.419s] WARNING:colcon.colcon_ros.prefix_path.catkin:The path '/home/ziad/ziad_ws/Project_V2V/elegoo_ros_sim/install/elegoo_description' in the environment variable CMAKE_PREFIX_PATH doesn't exist
[0.420s] DEBUG:colcon.colcon_installed_package_information.package_discovery:Found 16 installed packages in /home/ziad/ziad_ws/ROS2/turtlebot3_ws/install
[0.421s] DEBUG:colcon.colcon_installed_package_information.package_discovery:Found 6 installed packages in /home/ziad/ziad_ws/ROS2/work_space/install
[0.423s] DEBUG:colcon.colcon_installed_package_information.package_discovery:Found 451 installed packages in /opt/ros/humble
[0.426s] Level 1:colcon.colcon_core.package_discovery:discover_packages(prefix_path) using defaults
[0.498s] Level 5:colcon.colcon_core.verb:set package 'elegoo_description' build argument 'cmake_args' from command line to 'None'
[0.498s] Level 5:colcon.colcon_core.verb:set package 'elegoo_description' build argument 'cmake_target' from command line to 'None'
[0.498s] Level 5:colcon.colcon_core.verb:set package 'elegoo_description' build argument 'cmake_target_skip_unavailable' from command line to 'False'
[0.498s] Level 5:colcon.colcon_core.verb:set package 'elegoo_description' build argument 'cmake_clean_cache' from command line to 'False'
[0.498s] Level 5:colcon.colcon_core.verb:set package 'elegoo_description' build argument 'cmake_clean_first' from command line to 'False'
[0.499s] Level 5:colcon.colcon_core.verb:set package 'elegoo_description' build argument 'cmake_force_configure' from command line to 'False'
[0.499s] Level 5:colcon.colcon_core.verb:set package 'elegoo_description' build argument 'ament_cmake_args' from command line to 'None'
[0.499s] Level 5:colcon.colcon_core.verb:set package 'elegoo_description' build argument 'catkin_cmake_args' from command line to 'None'
[0.499s] Level 5:colcon.colcon_core.verb:set package 'elegoo_description' build argument 'catkin_skip_building_tests' from command line to 'False'
[0.499s] DEBUG:colcon.colcon_core.verb:Building package 'elegoo_description' with the following arguments: {'ament_cmake_args': None, 'build_base': '/home/ziad/ziad_ws/Project_V2V/elegoo_emdedded/robot_ros2/build/elegoo_description', 'catkin_cmake_args': None, 'catkin_skip_building_tests': False, 'cmake_args': None, 'cmake_clean_cache': False, 'cmake_clean_first': False, 'cmake_force_configure': False, 'cmake_target': None, 'cmake_target_skip_unavailable': False, 'install_base': '/home/ziad/ziad_ws/Project_V2V/elegoo_emdedded/robot_ros2/install/elegoo_description', 'merge_install': False, 'path': '/home/ziad/ziad_ws/Project_V2V/elegoo_emdedded/robot_ros2/src/elegoo_description', 'symlink_install': False, 'test_result_base': None}
[0.499s] INFO:colcon.colcon_core.executor:Executing jobs using 'parallel' executor
[0.500s] DEBUG:colcon.colcon_parallel_executor.executor.parallel:run_until_complete
[0.500s] INFO:colcon.colcon_ros.task.ament_cmake.build:Building ROS package in '/home/ziad/ziad_ws/Project_V2V/elegoo_emdedded/robot_ros2/src/elegoo_description' with build type 'ament_cmake'
[0.500s] INFO:colcon.colcon_cmake.task.cmake.build:Building CMake package in '/home/ziad/ziad_ws/Project_V2V/elegoo_emdedded/robot_ros2/src/elegoo_description'
[0.503s] INFO:colcon.colcon_core.plugin_system:Skipping extension 'colcon_core.shell.bat': Not used on non-Windows systems
[0.503s] INFO:colcon.colcon_core.shell:Skip shell extension 'powershell' for command environment: Not usable outside of PowerShell
[0.503s] DEBUG:colcon.colcon_core.shell:Skip shell extension 'dsv' for command environment
[0.513s] DEBUG:colcon.colcon_core.event_handler.log_command:Invoking command in '/home/ziad/ziad_ws/Project_V2V/elegoo_emdedded/robot_ros2/build/elegoo_description': CMAKE_PREFIX_PATH=${CMAKE_PREFIX_PATH}:/home/ziad/ziad_ws/ROS2/turtlebot3_ws/install/turtlebot3_teleop:/home/ziad/ziad_ws/ROS2/turtlebot3_ws/install/turtlebot3_example:/opt/ros/humble /usr/bin/cmake /home/ziad/ziad_ws/Project_V2V/elegoo_emdedded/robot_ros2/src/elegoo_description -DCMAKE_INSTALL_PREFIX=/home/ziad/ziad_ws/Project_V2V/elegoo_emdedded/robot_ros2/install/elegoo_description
[1.819s] DEBUG:colcon.colcon_core.event_handler.log_command:Invoked command in '/home/ziad/ziad_ws/Project_V2V/elegoo_emdedded/robot_ros2/build/elegoo_description' returned '0': CMAKE_PREFIX_PATH=${CMAKE_PREFIX_PATH}:/home/ziad/ziad_ws/ROS2/turtlebot3_ws/install/turtlebot3_teleop:/home/ziad/ziad_ws/ROS2/turtlebot3_ws/install/turtlebot3_example:/opt/ros/humble /usr/bin/cmake /home/ziad/ziad_ws/Project_V2V/elegoo_emdedded/robot_ros2/src/elegoo_description -DCMAKE_INSTALL_PREFIX=/home/ziad/ziad_ws/Project_V2V/elegoo_emdedded/robot_ros2/install/elegoo_description
[1.822s] DEBUG:colcon.colcon_core.event_handler.log_command:Invoking command in '/home/ziad/ziad_ws/Project_V2V/elegoo_emdedded/robot_ros2/build/elegoo_description': CMAKE_PREFIX_PATH=${CMAKE_PREFIX_PATH}:/home/ziad/ziad_ws/ROS2/turtlebot3_ws/install/turtlebot3_teleop:/home/ziad/ziad_ws/ROS2/turtlebot3_ws/install/turtlebot3_example:/opt/ros/humble /usr/bin/cmake --build /home/ziad/ziad_ws/Project_V2V/elegoo_emdedded/robot_ros2/build/elegoo_description -- -j4 -l4
[1.866s] DEBUG:colcon.colcon_core.event_handler.log_command:Invoked command in '/home/ziad/ziad_ws/Project_V2V/elegoo_emdedded/robot_ros2/build/elegoo_description' returned '0': CMAKE_PREFIX_PATH=${CMAKE_PREFIX_PATH}:/home/ziad/ziad_ws/ROS2/turtlebot3_ws/install/turtlebot3_teleop:/home/ziad/ziad_ws/ROS2/turtlebot3_ws/install/turtlebot3_example:/opt/ros/humble /usr/bin/cmake --build /home/ziad/ziad_ws/Project_V2V/elegoo_emdedded/robot_ros2/build/elegoo_description -- -j4 -l4
[1.877s] DEBUG:colcon.colcon_core.event_handler.log_command:Invoking command in '/home/ziad/ziad_ws/Project_V2V/elegoo_emdedded/robot_ros2/build/elegoo_description': CMAKE_PREFIX_PATH=${CMAKE_PREFIX_PATH}:/home/ziad/ziad_ws/ROS2/turtlebot3_ws/install/turtlebot3_teleop:/home/ziad/ziad_ws/ROS2/turtlebot3_ws/install/turtlebot3_example:/opt/ros/humble /usr/bin/cmake --install /home/ziad/ziad_ws/Project_V2V/elegoo_emdedded/robot_ros2/build/elegoo_description
[1.918s] Level 1:colcon.colcon_core.environment:create_environment_scripts_only(elegoo_description)
[1.919s] DEBUG:colcon.colcon_core.event_handler.log_command:Invoked command in '/home/ziad/ziad_ws/Project_V2V/elegoo_emdedded/robot_ros2/build/elegoo_description' returned '0': CMAKE_PREFIX_PATH=${CMAKE_PREFIX_PATH}:/home/ziad/ziad_ws/ROS2/turtlebot3_ws/install/turtlebot3_teleop:/home/ziad/ziad_ws/ROS2/turtlebot3_ws/install/turtlebot3_example:/opt/ros/humble /usr/bin/cmake --install /home/ziad/ziad_ws/Project_V2V/elegoo_emdedded/robot_ros2/build/elegoo_description
[1.922s] Level 1:colcon.colcon_core.environment:checking '/home/ziad/ziad_ws/Project_V2V/elegoo_emdedded/robot_ros2/install/elegoo_description' for CMake module files
[1.922s] Level 1:colcon.colcon_core.environment:checking '/home/ziad/ziad_ws/Project_V2V/elegoo_emdedded/robot_ros2/install/elegoo_description' for CMake config files
[1.923s] Level 1:colcon.colcon_core.shell:create_environment_hook('elegoo_description', 'cmake_prefix_path')
[1.923s] INFO:colcon.colcon_core.shell:Creating environment hook '/home/ziad/ziad_ws/Project_V2V/elegoo_emdedded/robot_ros2/install/elegoo_description/share/elegoo_description/hook/cmake_prefix_path.ps1'
[1.924s] INFO:colcon.colcon_core.shell:Creating environment descriptor '/home/ziad/ziad_ws/Project_V2V/elegoo_emdedded/robot_ros2/install/elegoo_description/share/elegoo_description/hook/cmake_prefix_path.dsv'
[1.924s] INFO:colcon.colcon_core.shell:Creating environment hook '/home/ziad/ziad_ws/Project_V2V/elegoo_emdedded/robot_ros2/install/elegoo_description/share/elegoo_description/hook/cmake_prefix_path.sh'
[1.925s] Level 1:colcon.colcon_core.environment:checking '/home/ziad/ziad_ws/Project_V2V/elegoo_emdedded/robot_ros2/install/elegoo_description/bin'
[1.925s] Level 1:colcon.colcon_core.environment:checking '/home/ziad/ziad_ws/Project_V2V/elegoo_emdedded/robot_ros2/install/elegoo_description/lib/pkgconfig/elegoo_description.pc'
[1.925s] Level 1:colcon.colcon_core.environment:checking '/home/ziad/ziad_ws/Project_V2V/elegoo_emdedded/robot_ros2/install/elegoo_description/lib/python3.10/site-packages'
[1.926s] Level 1:colcon.colcon_core.environment:checking '/home/ziad/ziad_ws/Project_V2V/elegoo_emdedded/robot_ros2/install/elegoo_description/bin'
[1.926s] INFO:colcon.colcon_core.shell:Creating package script '/home/ziad/ziad_ws/Project_V2V/elegoo_emdedded/robot_ros2/install/elegoo_description/share/elegoo_description/package.ps1'
[1.927s] INFO:colcon.colcon_core.shell:Creating package descriptor '/home/ziad/ziad_ws/Project_V2V/elegoo_emdedded/robot_ros2/install/elegoo_description/share/elegoo_description/package.dsv'
[1.927s] INFO:colcon.colcon_core.shell:Creating package script '/home/ziad/ziad_ws/Project_V2V/elegoo_emdedded/robot_ros2/install/elegoo_description/share/elegoo_description/package.sh'
[1.929s] INFO:colcon.colcon_core.shell:Creating package script '/home/ziad/ziad_ws/Project_V2V/elegoo_emdedded/robot_ros2/install/elegoo_description/share/elegoo_description/package.bash'
[1.930s] INFO:colcon.colcon_core.shell:Creating package script '/home/ziad/ziad_ws/Project_V2V/elegoo_emdedded/robot_ros2/install/elegoo_description/share/elegoo_description/package.zsh'
[1.931s] Level 1:colcon.colcon_core.environment:create_file_with_runtime_dependencies(/home/ziad/ziad_ws/Project_V2V/elegoo_emdedded/robot_ros2/install/elegoo_description/share/colcon-core/packages/elegoo_description)
[1.932s] Level 1:colcon.colcon_core.environment:create_environment_scripts_only(elegoo_description)
[1.932s] Level 1:colcon.colcon_core.environment:checking '/home/ziad/ziad_ws/Project_V2V/elegoo_emdedded/robot_ros2/install/elegoo_description' for CMake module files
[1.932s] Level 1:colcon.colcon_core.environment:checking '/home/ziad/ziad_ws/Project_V2V/elegoo_emdedded/robot_ros2/install/elegoo_description' for CMake config files
[1.933s] Level 1:colcon.colcon_core.shell:create_environment_hook('elegoo_description', 'cmake_prefix_path')
[1.933s] INFO:colcon.colcon_core.shell:Creating environment hook '/home/ziad/ziad_ws/Project_V2V/elegoo_emdedded/robot_ros2/install/elegoo_description/share/elegoo_description/hook/cmake_prefix_path.ps1'
[1.933s] INFO:colcon.colcon_core.shell:Creating environment descriptor '/home/ziad/ziad_ws/Project_V2V/elegoo_emdedded/robot_ros2/install/elegoo_description/share/elegoo_description/hook/cmake_prefix_path.dsv'
[1.934s] INFO:colcon.colcon_core.shell:Creating environment hook '/home/ziad/ziad_ws/Project_V2V/elegoo_emdedded/robot_ros2/install/elegoo_description/share/elegoo_description/hook/cmake_prefix_path.sh'
[1.934s] Level 1:colcon.colcon_core.environment:checking '/home/ziad/ziad_ws/Project_V2V/elegoo_emdedded/robot_ros2/install/elegoo_description/bin'
[1.934s] Level 1:colcon.colcon_core.environment:checking '/home/ziad/ziad_ws/Project_V2V/elegoo_emdedded/robot_ros2/install/elegoo_description/lib/pkgconfig/elegoo_description.pc'
[1.935s] Level 1:colcon.colcon_core.environment:checking '/home/ziad/ziad_ws/Project_V2V/elegoo_emdedded/robot_ros2/install/elegoo_description/lib/python3.10/site-packages'
[1.935s] Level 1:colcon.colcon_core.environment:checking '/home/ziad/ziad_ws/Project_V2V/elegoo_emdedded/robot_ros2/install/elegoo_description/bin'
[1.936s] INFO:colcon.colcon_core.shell:Creating package script '/home/ziad/ziad_ws/Project_V2V/elegoo_emdedded/robot_ros2/install/elegoo_description/share/elegoo_description/package.ps1'
[1.936s] INFO:colcon.colcon_core.shell:Creating package descriptor '/home/ziad/ziad_ws/Project_V2V/elegoo_emdedded/robot_ros2/install/elegoo_description/share/elegoo_description/package.dsv'
[1.937s] INFO:colcon.colcon_core.shell:Creating package script '/home/ziad/ziad_ws/Project_V2V/elegoo_emdedded/robot_ros2/install/elegoo_description/share/elegoo_description/package.sh'
[1.937s] INFO:colcon.colcon_core.shell:Creating package script '/home/ziad/ziad_ws/Project_V2V/elegoo_emdedded/robot_ros2/install/elegoo_description/share/elegoo_description/package.bash'
[1.938s] INFO:colcon.colcon_core.shell:Creating package script '/home/ziad/ziad_ws/Project_V2V/elegoo_emdedded/robot_ros2/install/elegoo_description/share/elegoo_description/package.zsh'
[1.938s] Level 1:colcon.colcon_core.environment:create_file_with_runtime_dependencies(/home/ziad/ziad_ws/Project_V2V/elegoo_emdedded/robot_ros2/install/elegoo_description/share/colcon-core/packages/elegoo_description)
[1.939s] DEBUG:colcon.colcon_parallel_executor.executor.parallel:closing loop
[1.939s] DEBUG:colcon.colcon_parallel_executor.executor.parallel:loop closed
[1.939s] DEBUG:colcon.colcon_parallel_executor.executor.parallel:run_until_complete finished with '0'
[1.939s] DEBUG:colcon.colcon_core.event_reactor:joining thread
[1.945s] INFO:colcon.colcon_core.plugin_system:Skipping extension 'colcon_notification.desktop_notification.terminal_notifier': Not used on non-Darwin systems
[1.945s] INFO:colcon.colcon_core.plugin_system:Skipping extension 'colcon_notification.desktop_notification.win32': Not used on non-Windows systems
[1.945s] INFO:colcon.colcon_notification.desktop_notification:Sending desktop notification using 'notify2'
[1.955s] DEBUG:colcon.colcon_core.event_reactor:joined thread
[1.955s] INFO:colcon.colcon_core.shell:Creating prefix script '/home/ziad/ziad_ws/Project_V2V/elegoo_emdedded/robot_ros2/install/local_setup.ps1'
[1.956s] INFO:colcon.colcon_core.shell:Creating prefix util module '/home/ziad/ziad_ws/Project_V2V/elegoo_emdedded/robot_ros2/install/_local_setup_util_ps1.py'
[1.958s] INFO:colcon.colcon_core.shell:Creating prefix chain script '/home/ziad/ziad_ws/Project_V2V/elegoo_emdedded/robot_ros2/install/setup.ps1'
[1.960s] INFO:colcon.colcon_core.shell:Creating prefix script '/home/ziad/ziad_ws/Project_V2V/elegoo_emdedded/robot_ros2/install/local_setup.sh'
[1.961s] INFO:colcon.colcon_core.shell:Creating prefix util module '/home/ziad/ziad_ws/Project_V2V/elegoo_emdedded/robot_ros2/install/_local_setup_util_sh.py'
[1.962s] INFO:colcon.colcon_core.shell:Creating prefix chain script '/home/ziad/ziad_ws/Project_V2V/elegoo_emdedded/robot_ros2/install/setup.sh'
[1.964s] INFO:colcon.colcon_core.shell:Creating prefix script '/home/ziad/ziad_ws/Project_V2V/elegoo_emdedded/robot_ros2/install/local_setup.bash'
[1.964s] INFO:colcon.colcon_core.shell:Creating prefix chain script '/home/ziad/ziad_ws/Project_V2V/elegoo_emdedded/robot_ros2/install/setup.bash'
[1.967s] INFO:colcon.colcon_core.shell:Creating prefix script '/home/ziad/ziad_ws/Project_V2V/elegoo_emdedded/robot_ros2/install/local_setup.zsh'
[1.967s] INFO:colcon.colcon_core.shell:Creating prefix chain script '/home/ziad/ziad_ws/Project_V2V/elegoo_emdedded/robot_ros2/install/setup.zsh'
