-- Install configuration: ""
-- Up-to-date: /home/ziad/ziad_ws/Project_V2V/elegoo_emdedded/robot_ros2/install/elegoo_description/share/elegoo_description//launch
-- Up-to-date: /home/ziad/ziad_ws/Project_V2V/elegoo_emdedded/robot_ros2/install/elegoo_description/share/elegoo_description//launch/gazebo.launch.py
-- Up-to-date: /home/ziad/ziad_ws/Project_V2V/elegoo_emdedded/robot_ros2/install/elegoo_description/share/elegoo_description//launch/display.launch.py
-- Up-to-date: /home/ziad/ziad_ws/Project_V2V/elegoo_emdedded/robot_ros2/install/elegoo_description/share/elegoo_description//urdf
-- Up-to-date: /home/ziad/ziad_ws/Project_V2V/elegoo_emdedded/robot_ros2/install/elegoo_description/share/elegoo_description//urdf/Elegoo.urdf.backup
-- Up-to-date: /home/ziad/ziad_ws/Project_V2V/elegoo_emdedded/robot_ros2/install/elegoo_description/share/elegoo_description//urdf/Elegoo.urdf
-- Up-to-date: /home/ziad/ziad_ws/Project_V2V/elegoo_emdedded/robot_ros2/install/elegoo_description/share/elegoo_description//urdf/Elegoo_v2.SLDASM.csv
-- Up-to-date: /home/ziad/ziad_ws/Project_V2V/elegoo_emdedded/robot_ros2/install/elegoo_description/share/elegoo_description//meshes
-- Up-to-date: /home/ziad/ziad_ws/Project_V2V/elegoo_emdedded/robot_ros2/install/elegoo_description/share/elegoo_description//meshes/fr_motor_Link.STL
-- Up-to-date: /home/ziad/ziad_ws/Project_V2V/elegoo_emdedded/robot_ros2/install/elegoo_description/share/elegoo_description//meshes/imu_link.STL
-- Up-to-date: /home/ziad/ziad_ws/Project_V2V/elegoo_emdedded/robot_ros2/install/elegoo_description/share/elegoo_description//meshes/fl_motor_link.STL
-- Up-to-date: /home/ziad/ziad_ws/Project_V2V/elegoo_emdedded/robot_ros2/install/elegoo_description/share/elegoo_description//meshes/scale_stl.py
-- Up-to-date: /home/ziad/ziad_ws/Project_V2V/elegoo_emdedded/robot_ros2/install/elegoo_description/share/elegoo_description//meshes/fl_wheel_link.STL
-- Up-to-date: /home/ziad/ziad_ws/Project_V2V/elegoo_emdedded/robot_ros2/install/elegoo_description/share/elegoo_description//meshes/br_wheel_link.STL
-- Up-to-date: /home/ziad/ziad_ws/Project_V2V/elegoo_emdedded/robot_ros2/install/elegoo_description/share/elegoo_description//meshes/l298_link.STL
-- Up-to-date: /home/ziad/ziad_ws/Project_V2V/elegoo_emdedded/robot_ros2/install/elegoo_description/share/elegoo_description//meshes/convert_meshes.sh
-- Up-to-date: /home/ziad/ziad_ws/Project_V2V/elegoo_emdedded/robot_ros2/install/elegoo_description/share/elegoo_description//meshes/esp32_link.STL
-- Up-to-date: /home/ziad/ziad_ws/Project_V2V/elegoo_emdedded/robot_ros2/install/elegoo_description/share/elegoo_description//meshes/bl_motor_link.STL
-- Up-to-date: /home/ziad/ziad_ws/Project_V2V/elegoo_emdedded/robot_ros2/install/elegoo_description/share/elegoo_description//meshes/br_motor_link.STL
-- Up-to-date: /home/ziad/ziad_ws/Project_V2V/elegoo_emdedded/robot_ros2/install/elegoo_description/share/elegoo_description//meshes/fr_wheel_link.STL
-- Up-to-date: /home/ziad/ziad_ws/Project_V2V/elegoo_emdedded/robot_ros2/install/elegoo_description/share/elegoo_description//meshes/base_link.STL
-- Up-to-date: /home/ziad/ziad_ws/Project_V2V/elegoo_emdedded/robot_ros2/install/elegoo_description/share/elegoo_description//meshes/bl_wheel_link.STL
-- Up-to-date: /home/ziad/ziad_ws/Project_V2V/elegoo_emdedded/robot_ros2/install/elegoo_description/share/elegoo_description//meshes/ultrasonic_link.STL
-- Up-to-date: /home/ziad/ziad_ws/Project_V2V/elegoo_emdedded/robot_ros2/install/elegoo_description/share/elegoo_description//meshes/track_sensor_Link.STL
-- Up-to-date: /home/ziad/ziad_ws/Project_V2V/elegoo_emdedded/robot_ros2/install/elegoo_description/share/elegoo_description//meshes/servo_Link.STL
-- Up-to-date: /home/ziad/ziad_ws/Project_V2V/elegoo_emdedded/robot_ros2/install/elegoo_description/share/elegoo_description//config
-- Up-to-date: /home/ziad/ziad_ws/Project_V2V/elegoo_emdedded/robot_ros2/install/elegoo_description/share/elegoo_description//config/elegoo.rviz
-- Up-to-date: /home/ziad/ziad_ws/Project_V2V/elegoo_emdedded/robot_ros2/install/elegoo_description/share/elegoo_description//config/joint_names_Elegoo_v2.SLDASM.yaml
-- Up-to-date: /home/ziad/ziad_ws/Project_V2V/elegoo_emdedded/robot_ros2/install/elegoo_description/share/ament_index/resource_index/package_run_dependencies/elegoo_description
-- Up-to-date: /home/ziad/ziad_ws/Project_V2V/elegoo_emdedded/robot_ros2/install/elegoo_description/share/ament_index/resource_index/parent_prefix_path/elegoo_description
-- Up-to-date: /home/ziad/ziad_ws/Project_V2V/elegoo_emdedded/robot_ros2/install/elegoo_description/share/elegoo_description/environment/ament_prefix_path.sh
-- Up-to-date: /home/ziad/ziad_ws/Project_V2V/elegoo_emdedded/robot_ros2/install/elegoo_description/share/elegoo_description/environment/ament_prefix_path.dsv
-- Up-to-date: /home/ziad/ziad_ws/Project_V2V/elegoo_emdedded/robot_ros2/install/elegoo_description/share/elegoo_description/environment/path.sh
-- Up-to-date: /home/ziad/ziad_ws/Project_V2V/elegoo_emdedded/robot_ros2/install/elegoo_description/share/elegoo_description/environment/path.dsv
-- Up-to-date: /home/ziad/ziad_ws/Project_V2V/elegoo_emdedded/robot_ros2/install/elegoo_description/share/elegoo_description/local_setup.bash
-- Up-to-date: /home/ziad/ziad_ws/Project_V2V/elegoo_emdedded/robot_ros2/install/elegoo_description/share/elegoo_description/local_setup.sh
-- Up-to-date: /home/ziad/ziad_ws/Project_V2V/elegoo_emdedded/robot_ros2/install/elegoo_description/share/elegoo_description/local_setup.zsh
-- Up-to-date: /home/ziad/ziad_ws/Project_V2V/elegoo_emdedded/robot_ros2/install/elegoo_description/share/elegoo_description/local_setup.dsv
-- Up-to-date: /home/ziad/ziad_ws/Project_V2V/elegoo_emdedded/robot_ros2/install/elegoo_description/share/elegoo_description/package.dsv
-- Up-to-date: /home/ziad/ziad_ws/Project_V2V/elegoo_emdedded/robot_ros2/install/elegoo_description/share/ament_index/resource_index/packages/elegoo_description
-- Up-to-date: /home/ziad/ziad_ws/Project_V2V/elegoo_emdedded/robot_ros2/install/elegoo_description/share/elegoo_description/cmake/elegoo_descriptionConfig.cmake
-- Up-to-date: /home/ziad/ziad_ws/Project_V2V/elegoo_emdedded/robot_ros2/install/elegoo_description/share/elegoo_description/cmake/elegoo_descriptionConfig-version.cmake
-- Up-to-date: /home/ziad/ziad_ws/Project_V2V/elegoo_emdedded/robot_ros2/install/elegoo_description/share/elegoo_description/package.xml
