[0.015s] Invoking command in '/home/ziad/ziad_ws/Project_V2V/elegoo_emdedded/robot_ros2/build/elegoo_description': CMAKE_PREFIX_PATH=${CMAKE_PREFIX_PATH}:/home/ziad/ziad_ws/ROS2/turtlebot3_ws/install/turtlebot3_teleop:/home/ziad/ziad_ws/ROS2/turtlebot3_ws/install/turtlebot3_example:/opt/ros/humble /usr/bin/cmake --build /home/ziad/ziad_ws/Project_V2V/elegoo_emdedded/robot_ros2/build/elegoo_description -- -j4 -l4
[0.062s] Invoked command in '/home/ziad/ziad_ws/Project_V2V/elegoo_emdedded/robot_ros2/build/elegoo_description' returned '0': CMAKE_PREFIX_PATH=${CMAKE_PREFIX_PATH}:/home/ziad/ziad_ws/ROS2/turtlebot3_ws/install/turtlebot3_teleop:/home/ziad/ziad_ws/ROS2/turtlebot3_ws/install/turtlebot3_example:/opt/ros/humble /usr/bin/cmake --build /home/ziad/ziad_ws/Project_V2V/elegoo_emdedded/robot_ros2/build/elegoo_description -- -j4 -l4
[0.073s] Invoking command in '/home/ziad/ziad_ws/Project_V2V/elegoo_emdedded/robot_ros2/build/elegoo_description': CMAKE_PREFIX_PATH=${CMAKE_PREFIX_PATH}:/home/ziad/ziad_ws/ROS2/turtlebot3_ws/install/turtlebot3_teleop:/home/ziad/ziad_ws/ROS2/turtlebot3_ws/install/turtlebot3_example:/opt/ros/humble /usr/bin/cmake --install /home/ziad/ziad_ws/Project_V2V/elegoo_emdedded/robot_ros2/build/elegoo_description
[0.083s] -- Install configuration: ""
[0.083s] -- Up-to-date: /home/ziad/ziad_ws/Project_V2V/elegoo_emdedded/robot_ros2/install/elegoo_description/share/elegoo_description//launch
[0.083s] -- Up-to-date: /home/ziad/ziad_ws/Project_V2V/elegoo_emdedded/robot_ros2/install/elegoo_description/share/elegoo_description//launch/gazebo.launch.py
[0.083s] -- Up-to-date: /home/ziad/ziad_ws/Project_V2V/elegoo_emdedded/robot_ros2/install/elegoo_description/share/elegoo_description//launch/display.launch.py
[0.083s] -- Up-to-date: /home/ziad/ziad_ws/Project_V2V/elegoo_emdedded/robot_ros2/install/elegoo_description/share/elegoo_description//urdf
[0.084s] -- Up-to-date: /home/ziad/ziad_ws/Project_V2V/elegoo_emdedded/robot_ros2/install/elegoo_description/share/elegoo_description//urdf/Elegoo.urdf.backup
[0.084s] -- Up-to-date: /home/ziad/ziad_ws/Project_V2V/elegoo_emdedded/robot_ros2/install/elegoo_description/share/elegoo_description//urdf/Elegoo.urdf
[0.084s] -- Up-to-date: /home/ziad/ziad_ws/Project_V2V/elegoo_emdedded/robot_ros2/install/elegoo_description/share/elegoo_description//urdf/Elegoo_v2.SLDASM.csv
[0.084s] -- Up-to-date: /home/ziad/ziad_ws/Project_V2V/elegoo_emdedded/robot_ros2/install/elegoo_description/share/elegoo_description//meshes
[0.084s] -- Up-to-date: /home/ziad/ziad_ws/Project_V2V/elegoo_emdedded/robot_ros2/install/elegoo_description/share/elegoo_description//meshes/fr_motor_Link.STL
[0.084s] -- Up-to-date: /home/ziad/ziad_ws/Project_V2V/elegoo_emdedded/robot_ros2/install/elegoo_description/share/elegoo_description//meshes/imu_link.STL
[0.085s] -- Up-to-date: /home/ziad/ziad_ws/Project_V2V/elegoo_emdedded/robot_ros2/install/elegoo_description/share/elegoo_description//meshes/fl_motor_link.STL
[0.085s] -- Up-to-date: /home/ziad/ziad_ws/Project_V2V/elegoo_emdedded/robot_ros2/install/elegoo_description/share/elegoo_description//meshes/scale_stl.py
[0.085s] -- Up-to-date: /home/ziad/ziad_ws/Project_V2V/elegoo_emdedded/robot_ros2/install/elegoo_description/share/elegoo_description//meshes/fl_wheel_link.STL
[0.085s] -- Up-to-date: /home/ziad/ziad_ws/Project_V2V/elegoo_emdedded/robot_ros2/install/elegoo_description/share/elegoo_description//meshes/br_wheel_link.STL
[0.085s] -- Up-to-date: /home/ziad/ziad_ws/Project_V2V/elegoo_emdedded/robot_ros2/install/elegoo_description/share/elegoo_description//meshes/l298_link.STL
[0.085s] -- Up-to-date: /home/ziad/ziad_ws/Project_V2V/elegoo_emdedded/robot_ros2/install/elegoo_description/share/elegoo_description//meshes/convert_meshes.sh
[0.085s] -- Up-to-date: /home/ziad/ziad_ws/Project_V2V/elegoo_emdedded/robot_ros2/install/elegoo_description/share/elegoo_description//meshes/esp32_link.STL
[0.086s] -- Up-to-date: /home/ziad/ziad_ws/Project_V2V/elegoo_emdedded/robot_ros2/install/elegoo_description/share/elegoo_description//meshes/bl_motor_link.STL
[0.086s] -- Up-to-date: /home/ziad/ziad_ws/Project_V2V/elegoo_emdedded/robot_ros2/install/elegoo_description/share/elegoo_description//meshes/br_motor_link.STL
[0.086s] -- Up-to-date: /home/ziad/ziad_ws/Project_V2V/elegoo_emdedded/robot_ros2/install/elegoo_description/share/elegoo_description//meshes/fr_wheel_link.STL
[0.086s] -- Up-to-date: /home/ziad/ziad_ws/Project_V2V/elegoo_emdedded/robot_ros2/install/elegoo_description/share/elegoo_description//meshes/base_link.STL
[0.086s] -- Up-to-date: /home/ziad/ziad_ws/Project_V2V/elegoo_emdedded/robot_ros2/install/elegoo_description/share/elegoo_description//meshes/bl_wheel_link.STL
[0.086s] -- Up-to-date: /home/ziad/ziad_ws/Project_V2V/elegoo_emdedded/robot_ros2/install/elegoo_description/share/elegoo_description//meshes/ultrasonic_link.STL
[0.086s] -- Up-to-date: /home/ziad/ziad_ws/Project_V2V/elegoo_emdedded/robot_ros2/install/elegoo_description/share/elegoo_description//meshes/track_sensor_Link.STL
[0.086s] -- Up-to-date: /home/ziad/ziad_ws/Project_V2V/elegoo_emdedded/robot_ros2/install/elegoo_description/share/elegoo_description//meshes/servo_Link.STL
[0.086s] -- Up-to-date: /home/ziad/ziad_ws/Project_V2V/elegoo_emdedded/robot_ros2/install/elegoo_description/share/elegoo_description//config
[0.086s] -- Up-to-date: /home/ziad/ziad_ws/Project_V2V/elegoo_emdedded/robot_ros2/install/elegoo_description/share/elegoo_description//config/elegoo.rviz
[0.087s] -- Up-to-date: /home/ziad/ziad_ws/Project_V2V/elegoo_emdedded/robot_ros2/install/elegoo_description/share/elegoo_description//config/joint_names_Elegoo_v2.SLDASM.yaml
[0.087s] -- Up-to-date: /home/ziad/ziad_ws/Project_V2V/elegoo_emdedded/robot_ros2/install/elegoo_description/share/ament_index/resource_index/package_run_dependencies/elegoo_description
[0.087s] -- Up-to-date: /home/ziad/ziad_ws/Project_V2V/elegoo_emdedded/robot_ros2/install/elegoo_description/share/ament_index/resource_index/parent_prefix_path/elegoo_description
[0.087s] -- Up-to-date: /home/ziad/ziad_ws/Project_V2V/elegoo_emdedded/robot_ros2/install/elegoo_description/share/elegoo_description/environment/ament_prefix_path.sh
[0.087s] -- Up-to-date: /home/ziad/ziad_ws/Project_V2V/elegoo_emdedded/robot_ros2/install/elegoo_description/share/elegoo_description/environment/ament_prefix_path.dsv
[0.087s] -- Up-to-date: /home/ziad/ziad_ws/Project_V2V/elegoo_emdedded/robot_ros2/install/elegoo_description/share/elegoo_description/environment/path.sh
[0.087s] -- Up-to-date: /home/ziad/ziad_ws/Project_V2V/elegoo_emdedded/robot_ros2/install/elegoo_description/share/elegoo_description/environment/path.dsv
[0.087s] -- Up-to-date: /home/ziad/ziad_ws/Project_V2V/elegoo_emdedded/robot_ros2/install/elegoo_description/share/elegoo_description/local_setup.bash
[0.087s] -- Up-to-date: /home/ziad/ziad_ws/Project_V2V/elegoo_emdedded/robot_ros2/install/elegoo_description/share/elegoo_description/local_setup.sh
[0.087s] -- Up-to-date: /home/ziad/ziad_ws/Project_V2V/elegoo_emdedded/robot_ros2/install/elegoo_description/share/elegoo_description/local_setup.zsh
[0.088s] -- Up-to-date: /home/ziad/ziad_ws/Project_V2V/elegoo_emdedded/robot_ros2/install/elegoo_description/share/elegoo_description/local_setup.dsv
[0.088s] -- Up-to-date: /home/ziad/ziad_ws/Project_V2V/elegoo_emdedded/robot_ros2/install/elegoo_description/share/elegoo_description/package.dsv
[0.088s] -- Up-to-date: /home/ziad/ziad_ws/Project_V2V/elegoo_emdedded/robot_ros2/install/elegoo_description/share/ament_index/resource_index/packages/elegoo_description
[0.088s] -- Up-to-date: /home/ziad/ziad_ws/Project_V2V/elegoo_emdedded/robot_ros2/install/elegoo_description/share/elegoo_description/cmake/elegoo_descriptionConfig.cmake
[0.088s] -- Up-to-date: /home/ziad/ziad_ws/Project_V2V/elegoo_emdedded/robot_ros2/install/elegoo_description/share/elegoo_description/cmake/elegoo_descriptionConfig-version.cmake
[0.089s] -- Up-to-date: /home/ziad/ziad_ws/Project_V2V/elegoo_emdedded/robot_ros2/install/elegoo_description/share/elegoo_description/package.xml
[0.089s] Invoked command in '/home/ziad/ziad_ws/Project_V2V/elegoo_emdedded/robot_ros2/build/elegoo_description' returned '0': CMAKE_PREFIX_PATH=${CMAKE_PREFIX_PATH}:/home/ziad/ziad_ws/ROS2/turtlebot3_ws/install/turtlebot3_teleop:/home/ziad/ziad_ws/ROS2/turtlebot3_ws/install/turtlebot3_example:/opt/ros/humble /usr/bin/cmake --install /home/ziad/ziad_ws/Project_V2V/elegoo_emdedded/robot_ros2/build/elegoo_description
