[0.012s] Invoking command in '/home/ziad/ziad_ws/Project_V2V/elegoo_emdedded/robot_ros2/build/elegoo_description': CMAKE_PREFIX_PATH=${CMAKE_PREFIX_PATH}:/home/ziad/ziad_ws/ROS2/turtlebot3_ws/install/turtlebot3_teleop:/home/ziad/ziad_ws/ROS2/turtlebot3_ws/install/turtlebot3_example:/opt/ros/humble /usr/bin/cmake /home/ziad/ziad_ws/Project_V2V/elegoo_emdedded/robot_ros2/src/elegoo_description -DCMAKE_INSTALL_PREFIX=/home/ziad/ziad_ws/Project_V2V/elegoo_emdedded/robot_ros2/install/elegoo_description
[0.146s] -- The C compiler identification is GNU 11.4.0
[0.279s] -- The CXX compiler identification is GNU 11.4.0
[0.292s] -- Detecting C compiler ABI info
[0.372s] -- Detecting C compiler ABI info - done
[0.382s] -- Check for working C compiler: /usr/bin/cc - skipped
[0.383s] -- Detecting C compile features
[0.384s] -- Detecting C compile features - done
[0.388s] -- Detecting CXX compiler ABI info
[0.481s] -- Detecting CXX compiler ABI info - done
[0.490s] -- Check for working CXX compiler: /usr/bin/c++ - skipped
[0.490s] -- Detecting CXX compile features
[0.491s] -- Detecting CXX compile features - done
[0.499s] -- Found ament_cmake: 1.3.12 (/opt/ros/humble/share/ament_cmake/cmake)
[0.971s] -- Found Python3: /home/ziad/.espressif/python_env/idf5.5_py3.10_env/bin/python3 (found version "3.10.12") found components: Interpreter 
[1.151s] -- Found ament_lint_auto: 0.12.14 (/opt/ros/humble/share/ament_lint_auto/cmake)
[1.300s] -- Added test 'flake8' to check Python code syntax and style conventions
[1.302s] -- Added test 'lint_cmake' to check CMake code style
[1.303s] -- Added test 'pep257' to check Python code against some of the docstring style conventions in PEP 257
[1.306s] -- Added test 'xmllint' to check XML markup files
[1.309s] -- Configuring done
[1.312s] -- Generating done
[1.314s] -- Build files have been written to: /home/ziad/ziad_ws/Project_V2V/elegoo_emdedded/robot_ros2/build/elegoo_description
[1.318s] Invoked command in '/home/ziad/ziad_ws/Project_V2V/elegoo_emdedded/robot_ros2/build/elegoo_description' returned '0': CMAKE_PREFIX_PATH=${CMAKE_PREFIX_PATH}:/home/ziad/ziad_ws/ROS2/turtlebot3_ws/install/turtlebot3_teleop:/home/ziad/ziad_ws/ROS2/turtlebot3_ws/install/turtlebot3_example:/opt/ros/humble /usr/bin/cmake /home/ziad/ziad_ws/Project_V2V/elegoo_emdedded/robot_ros2/src/elegoo_description -DCMAKE_INSTALL_PREFIX=/home/ziad/ziad_ws/Project_V2V/elegoo_emdedded/robot_ros2/install/elegoo_description
[1.321s] Invoking command in '/home/ziad/ziad_ws/Project_V2V/elegoo_emdedded/robot_ros2/build/elegoo_description': CMAKE_PREFIX_PATH=${CMAKE_PREFIX_PATH}:/home/ziad/ziad_ws/ROS2/turtlebot3_ws/install/turtlebot3_teleop:/home/ziad/ziad_ws/ROS2/turtlebot3_ws/install/turtlebot3_example:/opt/ros/humble /usr/bin/cmake --build /home/ziad/ziad_ws/Project_V2V/elegoo_emdedded/robot_ros2/build/elegoo_description -- -j4 -l4
[1.365s] Invoked command in '/home/ziad/ziad_ws/Project_V2V/elegoo_emdedded/robot_ros2/build/elegoo_description' returned '0': CMAKE_PREFIX_PATH=${CMAKE_PREFIX_PATH}:/home/ziad/ziad_ws/ROS2/turtlebot3_ws/install/turtlebot3_teleop:/home/ziad/ziad_ws/ROS2/turtlebot3_ws/install/turtlebot3_example:/opt/ros/humble /usr/bin/cmake --build /home/ziad/ziad_ws/Project_V2V/elegoo_emdedded/robot_ros2/build/elegoo_description -- -j4 -l4
[1.376s] Invoking command in '/home/ziad/ziad_ws/Project_V2V/elegoo_emdedded/robot_ros2/build/elegoo_description': CMAKE_PREFIX_PATH=${CMAKE_PREFIX_PATH}:/home/ziad/ziad_ws/ROS2/turtlebot3_ws/install/turtlebot3_teleop:/home/ziad/ziad_ws/ROS2/turtlebot3_ws/install/turtlebot3_example:/opt/ros/humble /usr/bin/cmake --install /home/ziad/ziad_ws/Project_V2V/elegoo_emdedded/robot_ros2/build/elegoo_description
[1.385s] -- Install configuration: ""
[1.386s] -- Installing: /home/ziad/ziad_ws/Project_V2V/elegoo_emdedded/robot_ros2/install/elegoo_description/share/elegoo_description//launch
[1.386s] -- Installing: /home/ziad/ziad_ws/Project_V2V/elegoo_emdedded/robot_ros2/install/elegoo_description/share/elegoo_description//launch/gazebo.launch.py
[1.386s] -- Installing: /home/ziad/ziad_ws/Project_V2V/elegoo_emdedded/robot_ros2/install/elegoo_description/share/elegoo_description//launch/display.launch.py
[1.386s] -- Installing: /home/ziad/ziad_ws/Project_V2V/elegoo_emdedded/robot_ros2/install/elegoo_description/share/elegoo_description//urdf
[1.386s] -- Installing: /home/ziad/ziad_ws/Project_V2V/elegoo_emdedded/robot_ros2/install/elegoo_description/share/elegoo_description//urdf/Elegoo.urdf.backup
[1.386s] -- Installing: /home/ziad/ziad_ws/Project_V2V/elegoo_emdedded/robot_ros2/install/elegoo_description/share/elegoo_description//urdf/Elegoo.urdf
[1.387s] -- Installing: /home/ziad/ziad_ws/Project_V2V/elegoo_emdedded/robot_ros2/install/elegoo_description/share/elegoo_description//urdf/Elegoo_v2.SLDASM.csv
[1.387s] -- Installing: /home/ziad/ziad_ws/Project_V2V/elegoo_emdedded/robot_ros2/install/elegoo_description/share/elegoo_description//meshes
[1.387s] -- Installing: /home/ziad/ziad_ws/Project_V2V/elegoo_emdedded/robot_ros2/install/elegoo_description/share/elegoo_description//meshes/fr_motor_Link.STL
[1.388s] -- Installing: /home/ziad/ziad_ws/Project_V2V/elegoo_emdedded/robot_ros2/install/elegoo_description/share/elegoo_description//meshes/imu_link.STL
[1.389s] -- Installing: /home/ziad/ziad_ws/Project_V2V/elegoo_emdedded/robot_ros2/install/elegoo_description/share/elegoo_description//meshes/fl_motor_link.STL
[1.391s] -- Installing: /home/ziad/ziad_ws/Project_V2V/elegoo_emdedded/robot_ros2/install/elegoo_description/share/elegoo_description//meshes/scale_stl.py
[1.391s] -- Installing: /home/ziad/ziad_ws/Project_V2V/elegoo_emdedded/robot_ros2/install/elegoo_description/share/elegoo_description//meshes/fl_wheel_link.STL
[1.393s] -- Installing: /home/ziad/ziad_ws/Project_V2V/elegoo_emdedded/robot_ros2/install/elegoo_description/share/elegoo_description//meshes/br_wheel_link.STL
[1.394s] -- Installing: /home/ziad/ziad_ws/Project_V2V/elegoo_emdedded/robot_ros2/install/elegoo_description/share/elegoo_description//meshes/l298_link.STL
[1.395s] -- Installing: /home/ziad/ziad_ws/Project_V2V/elegoo_emdedded/robot_ros2/install/elegoo_description/share/elegoo_description//meshes/convert_meshes.sh
[1.396s] -- Installing: /home/ziad/ziad_ws/Project_V2V/elegoo_emdedded/robot_ros2/install/elegoo_description/share/elegoo_description//meshes/esp32_link.STL
[1.396s] -- Installing: /home/ziad/ziad_ws/Project_V2V/elegoo_emdedded/robot_ros2/install/elegoo_description/share/elegoo_description//meshes/bl_motor_link.STL
[1.398s] -- Installing: /home/ziad/ziad_ws/Project_V2V/elegoo_emdedded/robot_ros2/install/elegoo_description/share/elegoo_description//meshes/br_motor_link.STL
[1.399s] -- Installing: /home/ziad/ziad_ws/Project_V2V/elegoo_emdedded/robot_ros2/install/elegoo_description/share/elegoo_description//meshes/fr_wheel_link.STL
[1.401s] -- Installing: /home/ziad/ziad_ws/Project_V2V/elegoo_emdedded/robot_ros2/install/elegoo_description/share/elegoo_description//meshes/base_link.STL
[1.406s] -- Installing: /home/ziad/ziad_ws/Project_V2V/elegoo_emdedded/robot_ros2/install/elegoo_description/share/elegoo_description//meshes/bl_wheel_link.STL
[1.408s] -- Installing: /home/ziad/ziad_ws/Project_V2V/elegoo_emdedded/robot_ros2/install/elegoo_description/share/elegoo_description//meshes/ultrasonic_link.STL
[1.410s] -- Installing: /home/ziad/ziad_ws/Project_V2V/elegoo_emdedded/robot_ros2/install/elegoo_description/share/elegoo_description//meshes/track_sensor_Link.STL
[1.411s] -- Installing: /home/ziad/ziad_ws/Project_V2V/elegoo_emdedded/robot_ros2/install/elegoo_description/share/elegoo_description//meshes/servo_Link.STL
[1.412s] -- Installing: /home/ziad/ziad_ws/Project_V2V/elegoo_emdedded/robot_ros2/install/elegoo_description/share/elegoo_description//config
[1.413s] -- Installing: /home/ziad/ziad_ws/Project_V2V/elegoo_emdedded/robot_ros2/install/elegoo_description/share/elegoo_description//config/elegoo.rviz
[1.413s] -- Installing: /home/ziad/ziad_ws/Project_V2V/elegoo_emdedded/robot_ros2/install/elegoo_description/share/elegoo_description//config/joint_names_Elegoo_v2.SLDASM.yaml
[1.413s] -- Installing: /home/ziad/ziad_ws/Project_V2V/elegoo_emdedded/robot_ros2/install/elegoo_description/share/ament_index/resource_index/package_run_dependencies/elegoo_description
[1.414s] -- Installing: /home/ziad/ziad_ws/Project_V2V/elegoo_emdedded/robot_ros2/install/elegoo_description/share/ament_index/resource_index/parent_prefix_path/elegoo_description
[1.414s] -- Installing: /home/ziad/ziad_ws/Project_V2V/elegoo_emdedded/robot_ros2/install/elegoo_description/share/elegoo_description/environment/ament_prefix_path.sh
[1.414s] -- Installing: /home/ziad/ziad_ws/Project_V2V/elegoo_emdedded/robot_ros2/install/elegoo_description/share/elegoo_description/environment/ament_prefix_path.dsv
[1.414s] -- Installing: /home/ziad/ziad_ws/Project_V2V/elegoo_emdedded/robot_ros2/install/elegoo_description/share/elegoo_description/environment/path.sh
[1.414s] -- Installing: /home/ziad/ziad_ws/Project_V2V/elegoo_emdedded/robot_ros2/install/elegoo_description/share/elegoo_description/environment/path.dsv
[1.414s] -- Installing: /home/ziad/ziad_ws/Project_V2V/elegoo_emdedded/robot_ros2/install/elegoo_description/share/elegoo_description/local_setup.bash
[1.415s] -- Installing: /home/ziad/ziad_ws/Project_V2V/elegoo_emdedded/robot_ros2/install/elegoo_description/share/elegoo_description/local_setup.sh
[1.415s] -- Installing: /home/ziad/ziad_ws/Project_V2V/elegoo_emdedded/robot_ros2/install/elegoo_description/share/elegoo_description/local_setup.zsh
[1.415s] -- Installing: /home/ziad/ziad_ws/Project_V2V/elegoo_emdedded/robot_ros2/install/elegoo_description/share/elegoo_description/local_setup.dsv
[1.415s] -- Installing: /home/ziad/ziad_ws/Project_V2V/elegoo_emdedded/robot_ros2/install/elegoo_description/share/elegoo_description/package.dsv
[1.415s] -- Installing: /home/ziad/ziad_ws/Project_V2V/elegoo_emdedded/robot_ros2/install/elegoo_description/share/ament_index/resource_index/packages/elegoo_description
[1.416s] -- Installing: /home/ziad/ziad_ws/Project_V2V/elegoo_emdedded/robot_ros2/install/elegoo_description/share/elegoo_description/cmake/elegoo_descriptionConfig.cmake
[1.416s] -- Installing: /home/ziad/ziad_ws/Project_V2V/elegoo_emdedded/robot_ros2/install/elegoo_description/share/elegoo_description/cmake/elegoo_descriptionConfig-version.cmake
[1.416s] -- Installing: /home/ziad/ziad_ws/Project_V2V/elegoo_emdedded/robot_ros2/install/elegoo_description/share/elegoo_description/package.xml
[1.418s] Invoked command in '/home/ziad/ziad_ws/Project_V2V/elegoo_emdedded/robot_ros2/build/elegoo_description' returned '0': CMAKE_PREFIX_PATH=${CMAKE_PREFIX_PATH}:/home/ziad/ziad_ws/ROS2/turtlebot3_ws/install/turtlebot3_teleop:/home/ziad/ziad_ws/ROS2/turtlebot3_ws/install/turtlebot3_example:/opt/ros/humble /usr/bin/cmake --install /home/ziad/ziad_ws/Project_V2V/elegoo_emdedded/robot_ros2/build/elegoo_description
