[0.144s] DEBUG:colcon:Command line arguments: ['/usr/bin/colcon', 'build']
[0.144s] DEBUG:colcon:Parsed command line arguments: Namespace(log_base=None, log_level=None, verb_name='build', build_base='build', install_base='install', merge_install=False, symlink_install=False, test_result_base=None, continue_on_error=False, executor='parallel', parallel_workers=4, event_handlers=None, ignore_user_meta=False, metas=['./colcon.meta'], base_paths=['.'], packages_ignore=None, packages_ignore_regex=None, paths=None, packages_up_to=None, packages_up_to_regex=None, packages_above=None, packages_above_and_dependencies=None, packages_above_depth=None, packages_select_by_dep=None, packages_skip_by_dep=None, packages_skip_up_to=None, packages_select_build_failed=False, packages_skip_build_finished=False, packages_select_test_failures=False, packages_skip_test_passed=False, packages_select=None, packages_skip=None, packages_select_regex=None, packages_skip_regex=None, packages_start=None, packages_end=None, allow_overriding=[], cmake_args=None, cmake_target=None, cmake_target_skip_unavailable=False, cmake_clean_cache=False, cmake_clean_first=False, cmake_force_configure=False, ament_cmake_args=None, catkin_cmake_args=None, catkin_skip_building_tests=False, mixin_files=None, mixin=None, verb_parser=<colcon_mixin.mixin.mixin_argument.MixinArgumentDecorator object at 0x7fd33dcaa5f0>, verb_extension=<colcon_core.verb.build.BuildVerb object at 0x7fd33dc2fd60>, main=<bound method BuildVerb.main of <colcon_core.verb.build.BuildVerb object at 0x7fd33dc2fd60>>, mixin_verb=('build',))
[0.398s] Level 1:colcon.colcon_core.package_discovery:discover_packages(colcon_meta) check parameters
[0.398s] Level 1:colcon.colcon_core.package_discovery:discover_packages(recursive) check parameters
[0.398s] Level 1:colcon.colcon_core.package_discovery:discover_packages(ignore) check parameters
[0.398s] Level 1:colcon.colcon_core.package_discovery:discover_packages(path) check parameters
[0.399s] Level 1:colcon.colcon_core.package_discovery:discover_packages(colcon_meta) discover
[0.399s] Level 1:colcon.colcon_core.package_discovery:discover_packages(recursive) discover
[0.399s] INFO:colcon.colcon_core.package_discovery:Crawling recursively for packages in '/home/ziad/Downloads/ScoutRobot/ros_elegoo'
[0.399s] Level 1:colcon.colcon_core.package_identification:_identify(.) by extensions ['ignore', 'ignore_ament_install']
[0.399s] Level 1:colcon.colcon_core.package_identification:_identify(.) by extension 'ignore'
[0.399s] Level 1:colcon.colcon_core.package_identification:_identify(.) by extension 'ignore_ament_install'
[0.399s] Level 1:colcon.colcon_core.package_identification:_identify(.) by extensions ['colcon_pkg']
[0.399s] Level 1:colcon.colcon_core.package_identification:_identify(.) by extension 'colcon_pkg'
[0.399s] Level 1:colcon.colcon_core.package_identification:_identify(.) by extensions ['colcon_meta']
[0.399s] Level 1:colcon.colcon_core.package_identification:_identify(.) by extension 'colcon_meta'
[0.399s] Level 1:colcon.colcon_core.package_identification:_identify(.) by extensions ['ros']
[0.399s] Level 1:colcon.colcon_core.package_identification:_identify(.) by extension 'ros'
[0.425s] Level 1:colcon.colcon_core.package_identification:_identify(.) by extensions ['cmake', 'python']
[0.425s] Level 1:colcon.colcon_core.package_identification:_identify(.) by extension 'cmake'
[0.425s] Level 1:colcon.colcon_core.package_identification:_identify(.) by extension 'python'
[0.425s] Level 1:colcon.colcon_core.package_identification:_identify(.) by extensions ['python_setup_py']
[0.425s] Level 1:colcon.colcon_core.package_identification:_identify(.) by extension 'python_setup_py'
[0.425s] Level 1:colcon.colcon_core.package_identification:_identify(build) by extensions ['ignore', 'ignore_ament_install']
[0.425s] Level 1:colcon.colcon_core.package_identification:_identify(build) by extension 'ignore'
[0.425s] Level 1:colcon.colcon_core.package_identification:_identify(build) ignored
[0.426s] Level 1:colcon.colcon_core.package_identification:_identify(install) by extensions ['ignore', 'ignore_ament_install']
[0.426s] Level 1:colcon.colcon_core.package_identification:_identify(install) by extension 'ignore'
[0.426s] Level 1:colcon.colcon_core.package_identification:_identify(install) ignored
[0.426s] Level 1:colcon.colcon_core.package_identification:_identify(log) by extensions ['ignore', 'ignore_ament_install']
[0.426s] Level 1:colcon.colcon_core.package_identification:_identify(log) by extension 'ignore'
[0.426s] Level 1:colcon.colcon_core.package_identification:_identify(log) ignored
[0.426s] Level 1:colcon.colcon_core.package_identification:_identify(src) by extensions ['ignore', 'ignore_ament_install']
[0.426s] Level 1:colcon.colcon_core.package_identification:_identify(src) by extension 'ignore'
[0.426s] Level 1:colcon.colcon_core.package_identification:_identify(src) by extension 'ignore_ament_install'
[0.426s] Level 1:colcon.colcon_core.package_identification:_identify(src) by extensions ['colcon_pkg']
[0.426s] Level 1:colcon.colcon_core.package_identification:_identify(src) by extension 'colcon_pkg'
[0.426s] Level 1:colcon.colcon_core.package_identification:_identify(src) by extensions ['colcon_meta']
[0.426s] Level 1:colcon.colcon_core.package_identification:_identify(src) by extension 'colcon_meta'
[0.427s] Level 1:colcon.colcon_core.package_identification:_identify(src) by extensions ['ros']
[0.427s] Level 1:colcon.colcon_core.package_identification:_identify(src) by extension 'ros'
[0.427s] Level 1:colcon.colcon_core.package_identification:_identify(src) by extensions ['cmake', 'python']
[0.427s] Level 1:colcon.colcon_core.package_identification:_identify(src) by extension 'cmake'
[0.427s] Level 1:colcon.colcon_core.package_identification:_identify(src) by extension 'python'
[0.427s] Level 1:colcon.colcon_core.package_identification:_identify(src) by extensions ['python_setup_py']
[0.427s] Level 1:colcon.colcon_core.package_identification:_identify(src) by extension 'python_setup_py'
[0.427s] Level 1:colcon.colcon_core.package_identification:_identify(src/ros_elegoo) by extensions ['ignore', 'ignore_ament_install']
[0.427s] Level 1:colcon.colcon_core.package_identification:_identify(src/ros_elegoo) by extension 'ignore'
[0.427s] Level 1:colcon.colcon_core.package_identification:_identify(src/ros_elegoo) by extension 'ignore_ament_install'
[0.427s] Level 1:colcon.colcon_core.package_identification:_identify(src/ros_elegoo) by extensions ['colcon_pkg']
[0.427s] Level 1:colcon.colcon_core.package_identification:_identify(src/ros_elegoo) by extension 'colcon_pkg'
[0.427s] Level 1:colcon.colcon_core.package_identification:_identify(src/ros_elegoo) by extensions ['colcon_meta']
[0.427s] Level 1:colcon.colcon_core.package_identification:_identify(src/ros_elegoo) by extension 'colcon_meta'
[0.427s] Level 1:colcon.colcon_core.package_identification:_identify(src/ros_elegoo) by extensions ['ros']
[0.427s] Level 1:colcon.colcon_core.package_identification:_identify(src/ros_elegoo) by extension 'ros'
[0.434s] DEBUG:colcon.colcon_core.package_identification:Package 'src/ros_elegoo' with type 'ros.ament_cmake' and name 'ros_elegoo'
[0.434s] Level 1:colcon.colcon_core.package_discovery:discover_packages(recursive) using defaults
[0.435s] Level 1:colcon.colcon_core.package_discovery:discover_packages(ignore) discover
[0.435s] Level 1:colcon.colcon_core.package_discovery:discover_packages(ignore) using defaults
[0.435s] Level 1:colcon.colcon_core.package_discovery:discover_packages(path) discover
[0.435s] Level 1:colcon.colcon_core.package_discovery:discover_packages(path) using defaults
[0.457s] Level 1:colcon.colcon_core.package_discovery:discover_packages(prefix_path) check parameters
[0.457s] Level 1:colcon.colcon_core.package_discovery:discover_packages(prefix_path) discover
[0.466s] DEBUG:colcon.colcon_installed_package_information.package_discovery:Found 70 installed packages in /home/ziad/ws_moveit/install
[0.468s] DEBUG:colcon.colcon_installed_package_information.package_discovery:Found 1 installed packages in /home/ziad/microros_ws/install
[0.469s] DEBUG:colcon.colcon_installed_package_information.package_discovery:Found 12 installed packages in /home/ziad/turtlebot3_ws/install
[0.470s] DEBUG:colcon.colcon_installed_package_information.package_discovery:Found 20 installed packages in /home/ziad/ziad_ws/ROS2/ros2_ws/install
[0.473s] DEBUG:colcon.colcon_installed_package_information.package_discovery:Found 463 installed packages in /opt/ros/humble
[0.476s] Level 1:colcon.colcon_core.package_discovery:discover_packages(prefix_path) using defaults
[0.560s] Level 5:colcon.colcon_core.verb:set package 'ros_elegoo' build argument 'cmake_args' from command line to 'None'
[0.560s] Level 5:colcon.colcon_core.verb:set package 'ros_elegoo' build argument 'cmake_target' from command line to 'None'
[0.560s] Level 5:colcon.colcon_core.verb:set package 'ros_elegoo' build argument 'cmake_target_skip_unavailable' from command line to 'False'
[0.560s] Level 5:colcon.colcon_core.verb:set package 'ros_elegoo' build argument 'cmake_clean_cache' from command line to 'False'
[0.560s] Level 5:colcon.colcon_core.verb:set package 'ros_elegoo' build argument 'cmake_clean_first' from command line to 'False'
[0.560s] Level 5:colcon.colcon_core.verb:set package 'ros_elegoo' build argument 'cmake_force_configure' from command line to 'False'
[0.560s] Level 5:colcon.colcon_core.verb:set package 'ros_elegoo' build argument 'ament_cmake_args' from command line to 'None'
[0.560s] Level 5:colcon.colcon_core.verb:set package 'ros_elegoo' build argument 'catkin_cmake_args' from command line to 'None'
[0.560s] Level 5:colcon.colcon_core.verb:set package 'ros_elegoo' build argument 'catkin_skip_building_tests' from command line to 'False'
[0.560s] DEBUG:colcon.colcon_core.verb:Building package 'ros_elegoo' with the following arguments: {'ament_cmake_args': None, 'build_base': '/home/ziad/Downloads/ScoutRobot/ros_elegoo/build/ros_elegoo', 'catkin_cmake_args': None, 'catkin_skip_building_tests': False, 'cmake_args': None, 'cmake_clean_cache': False, 'cmake_clean_first': False, 'cmake_force_configure': False, 'cmake_target': None, 'cmake_target_skip_unavailable': False, 'install_base': '/home/ziad/Downloads/ScoutRobot/ros_elegoo/install/ros_elegoo', 'merge_install': False, 'path': '/home/ziad/Downloads/ScoutRobot/ros_elegoo/src/ros_elegoo', 'symlink_install': False, 'test_result_base': None}
[0.560s] INFO:colcon.colcon_core.executor:Executing jobs using 'parallel' executor
[0.561s] DEBUG:colcon.colcon_parallel_executor.executor.parallel:run_until_complete
[0.562s] INFO:colcon.colcon_ros.task.ament_cmake.build:Building ROS package in '/home/ziad/Downloads/ScoutRobot/ros_elegoo/src/ros_elegoo' with build type 'ament_cmake'
[0.562s] INFO:colcon.colcon_cmake.task.cmake.build:Building CMake package in '/home/ziad/Downloads/ScoutRobot/ros_elegoo/src/ros_elegoo'
[0.564s] INFO:colcon.colcon_core.plugin_system:Skipping extension 'colcon_core.shell.bat': Not used on non-Windows systems
[0.565s] INFO:colcon.colcon_core.shell:Skip shell extension 'powershell' for command environment: Not usable outside of PowerShell
[0.565s] DEBUG:colcon.colcon_core.shell:Skip shell extension 'dsv' for command environment
[0.590s] DEBUG:colcon.colcon_core.event_handler.log_command:Invoking command in '/home/ziad/Downloads/ScoutRobot/ros_elegoo/build/ros_elegoo': CMAKE_PREFIX_PATH=${CMAKE_PREFIX_PATH}:/home/ziad/turtlebot3_ws/install/turtlebot3_teleop:/home/ziad/turtlebot3_ws/install/turtlebot3_example:/home/ziad/ws_moveit/install/moveit_configs_utils:/opt/ros/humble /usr/bin/cmake /home/ziad/Downloads/ScoutRobot/ros_elegoo/src/ros_elegoo -DCMAKE_INSTALL_PREFIX=/home/ziad/Downloads/ScoutRobot/ros_elegoo/install/ros_elegoo
[2.394s] DEBUG:colcon.colcon_core.event_handler.log_command:Invoked command in '/home/ziad/Downloads/ScoutRobot/ros_elegoo/build/ros_elegoo' returned '0': CMAKE_PREFIX_PATH=${CMAKE_PREFIX_PATH}:/home/ziad/turtlebot3_ws/install/turtlebot3_teleop:/home/ziad/turtlebot3_ws/install/turtlebot3_example:/home/ziad/ws_moveit/install/moveit_configs_utils:/opt/ros/humble /usr/bin/cmake /home/ziad/Downloads/ScoutRobot/ros_elegoo/src/ros_elegoo -DCMAKE_INSTALL_PREFIX=/home/ziad/Downloads/ScoutRobot/ros_elegoo/install/ros_elegoo
[2.396s] DEBUG:colcon.colcon_core.event_handler.log_command:Invoking command in '/home/ziad/Downloads/ScoutRobot/ros_elegoo/build/ros_elegoo': CMAKE_PREFIX_PATH=${CMAKE_PREFIX_PATH}:/home/ziad/turtlebot3_ws/install/turtlebot3_teleop:/home/ziad/turtlebot3_ws/install/turtlebot3_example:/home/ziad/ws_moveit/install/moveit_configs_utils:/opt/ros/humble /usr/bin/cmake --build /home/ziad/Downloads/ScoutRobot/ros_elegoo/build/ros_elegoo -- -j4 -l4
[2.468s] DEBUG:colcon.colcon_core.event_handler.log_command:Invoked command in '/home/ziad/Downloads/ScoutRobot/ros_elegoo/build/ros_elegoo' returned '0': CMAKE_PREFIX_PATH=${CMAKE_PREFIX_PATH}:/home/ziad/turtlebot3_ws/install/turtlebot3_teleop:/home/ziad/turtlebot3_ws/install/turtlebot3_example:/home/ziad/ws_moveit/install/moveit_configs_utils:/opt/ros/humble /usr/bin/cmake --build /home/ziad/Downloads/ScoutRobot/ros_elegoo/build/ros_elegoo -- -j4 -l4
[2.487s] DEBUG:colcon.colcon_core.event_handler.log_command:Invoking command in '/home/ziad/Downloads/ScoutRobot/ros_elegoo/build/ros_elegoo': CMAKE_PREFIX_PATH=${CMAKE_PREFIX_PATH}:/home/ziad/turtlebot3_ws/install/turtlebot3_teleop:/home/ziad/turtlebot3_ws/install/turtlebot3_example:/home/ziad/ws_moveit/install/moveit_configs_utils:/opt/ros/humble /usr/bin/cmake --install /home/ziad/Downloads/ScoutRobot/ros_elegoo/build/ros_elegoo
[2.518s] Level 1:colcon.colcon_core.environment:create_environment_scripts_only(ros_elegoo)
[2.519s] DEBUG:colcon.colcon_core.event_handler.log_command:Invoked command in '/home/ziad/Downloads/ScoutRobot/ros_elegoo/build/ros_elegoo' returned '0': CMAKE_PREFIX_PATH=${CMAKE_PREFIX_PATH}:/home/ziad/turtlebot3_ws/install/turtlebot3_teleop:/home/ziad/turtlebot3_ws/install/turtlebot3_example:/home/ziad/ws_moveit/install/moveit_configs_utils:/opt/ros/humble /usr/bin/cmake --install /home/ziad/Downloads/ScoutRobot/ros_elegoo/build/ros_elegoo
[2.528s] Level 1:colcon.colcon_core.environment:checking '/home/ziad/Downloads/ScoutRobot/ros_elegoo/install/ros_elegoo' for CMake module files
[2.529s] Level 1:colcon.colcon_core.environment:checking '/home/ziad/Downloads/ScoutRobot/ros_elegoo/install/ros_elegoo' for CMake config files
[2.529s] Level 1:colcon.colcon_core.shell:create_environment_hook('ros_elegoo', 'cmake_prefix_path')
[2.529s] INFO:colcon.colcon_core.shell:Creating environment hook '/home/ziad/Downloads/ScoutRobot/ros_elegoo/install/ros_elegoo/share/ros_elegoo/hook/cmake_prefix_path.ps1'
[2.531s] INFO:colcon.colcon_core.shell:Creating environment descriptor '/home/ziad/Downloads/ScoutRobot/ros_elegoo/install/ros_elegoo/share/ros_elegoo/hook/cmake_prefix_path.dsv'
[2.532s] INFO:colcon.colcon_core.shell:Creating environment hook '/home/ziad/Downloads/ScoutRobot/ros_elegoo/install/ros_elegoo/share/ros_elegoo/hook/cmake_prefix_path.sh'
[2.534s] Level 1:colcon.colcon_core.environment:checking '/home/ziad/Downloads/ScoutRobot/ros_elegoo/install/ros_elegoo/bin'
[2.534s] Level 1:colcon.colcon_core.environment:checking '/home/ziad/Downloads/ScoutRobot/ros_elegoo/install/ros_elegoo/lib/pkgconfig/ros_elegoo.pc'
[2.534s] Level 1:colcon.colcon_core.environment:checking '/home/ziad/Downloads/ScoutRobot/ros_elegoo/install/ros_elegoo/lib/python3.10/site-packages'
[2.534s] Level 1:colcon.colcon_core.environment:checking '/home/ziad/Downloads/ScoutRobot/ros_elegoo/install/ros_elegoo/bin'
[2.535s] INFO:colcon.colcon_core.shell:Creating package script '/home/ziad/Downloads/ScoutRobot/ros_elegoo/install/ros_elegoo/share/ros_elegoo/package.ps1'
[2.536s] INFO:colcon.colcon_core.shell:Creating package descriptor '/home/ziad/Downloads/ScoutRobot/ros_elegoo/install/ros_elegoo/share/ros_elegoo/package.dsv'
[2.536s] INFO:colcon.colcon_core.shell:Creating package script '/home/ziad/Downloads/ScoutRobot/ros_elegoo/install/ros_elegoo/share/ros_elegoo/package.sh'
[2.537s] INFO:colcon.colcon_core.shell:Creating package script '/home/ziad/Downloads/ScoutRobot/ros_elegoo/install/ros_elegoo/share/ros_elegoo/package.bash'
[2.538s] INFO:colcon.colcon_core.shell:Creating package script '/home/ziad/Downloads/ScoutRobot/ros_elegoo/install/ros_elegoo/share/ros_elegoo/package.zsh'
[2.539s] Level 1:colcon.colcon_core.environment:create_file_with_runtime_dependencies(/home/ziad/Downloads/ScoutRobot/ros_elegoo/install/ros_elegoo/share/colcon-core/packages/ros_elegoo)
[2.540s] Level 1:colcon.colcon_core.environment:create_environment_scripts_only(ros_elegoo)
[2.540s] Level 1:colcon.colcon_core.environment:checking '/home/ziad/Downloads/ScoutRobot/ros_elegoo/install/ros_elegoo' for CMake module files
[2.540s] Level 1:colcon.colcon_core.environment:checking '/home/ziad/Downloads/ScoutRobot/ros_elegoo/install/ros_elegoo' for CMake config files
[2.541s] Level 1:colcon.colcon_core.shell:create_environment_hook('ros_elegoo', 'cmake_prefix_path')
[2.541s] INFO:colcon.colcon_core.shell:Creating environment hook '/home/ziad/Downloads/ScoutRobot/ros_elegoo/install/ros_elegoo/share/ros_elegoo/hook/cmake_prefix_path.ps1'
[2.541s] INFO:colcon.colcon_core.shell:Creating environment descriptor '/home/ziad/Downloads/ScoutRobot/ros_elegoo/install/ros_elegoo/share/ros_elegoo/hook/cmake_prefix_path.dsv'
[2.542s] INFO:colcon.colcon_core.shell:Creating environment hook '/home/ziad/Downloads/ScoutRobot/ros_elegoo/install/ros_elegoo/share/ros_elegoo/hook/cmake_prefix_path.sh'
[2.542s] Level 1:colcon.colcon_core.environment:checking '/home/ziad/Downloads/ScoutRobot/ros_elegoo/install/ros_elegoo/bin'
[2.542s] Level 1:colcon.colcon_core.environment:checking '/home/ziad/Downloads/ScoutRobot/ros_elegoo/install/ros_elegoo/lib/pkgconfig/ros_elegoo.pc'
[2.543s] Level 1:colcon.colcon_core.environment:checking '/home/ziad/Downloads/ScoutRobot/ros_elegoo/install/ros_elegoo/lib/python3.10/site-packages'
[2.543s] Level 1:colcon.colcon_core.environment:checking '/home/ziad/Downloads/ScoutRobot/ros_elegoo/install/ros_elegoo/bin'
[2.544s] INFO:colcon.colcon_core.shell:Creating package script '/home/ziad/Downloads/ScoutRobot/ros_elegoo/install/ros_elegoo/share/ros_elegoo/package.ps1'
[2.545s] INFO:colcon.colcon_core.shell:Creating package descriptor '/home/ziad/Downloads/ScoutRobot/ros_elegoo/install/ros_elegoo/share/ros_elegoo/package.dsv'
[2.545s] INFO:colcon.colcon_core.shell:Creating package script '/home/ziad/Downloads/ScoutRobot/ros_elegoo/install/ros_elegoo/share/ros_elegoo/package.sh'
[2.546s] INFO:colcon.colcon_core.shell:Creating package script '/home/ziad/Downloads/ScoutRobot/ros_elegoo/install/ros_elegoo/share/ros_elegoo/package.bash'
[2.547s] INFO:colcon.colcon_core.shell:Creating package script '/home/ziad/Downloads/ScoutRobot/ros_elegoo/install/ros_elegoo/share/ros_elegoo/package.zsh'
[2.547s] Level 1:colcon.colcon_core.environment:create_file_with_runtime_dependencies(/home/ziad/Downloads/ScoutRobot/ros_elegoo/install/ros_elegoo/share/colcon-core/packages/ros_elegoo)
[2.548s] DEBUG:colcon.colcon_parallel_executor.executor.parallel:closing loop
[2.549s] DEBUG:colcon.colcon_parallel_executor.executor.parallel:loop closed
[2.549s] DEBUG:colcon.colcon_parallel_executor.executor.parallel:run_until_complete finished with '0'
[2.549s] DEBUG:colcon.colcon_core.event_reactor:joining thread
[2.557s] INFO:colcon.colcon_core.plugin_system:Skipping extension 'colcon_notification.desktop_notification.terminal_notifier': Not used on non-Darwin systems
[2.557s] INFO:colcon.colcon_core.plugin_system:Skipping extension 'colcon_notification.desktop_notification.win32': Not used on non-Windows systems
[2.557s] INFO:colcon.colcon_notification.desktop_notification:Sending desktop notification using 'notify2'
[2.571s] DEBUG:colcon.colcon_core.event_reactor:joined thread
[2.572s] INFO:colcon.colcon_core.shell:Creating prefix script '/home/ziad/Downloads/ScoutRobot/ros_elegoo/install/local_setup.ps1'
[2.574s] INFO:colcon.colcon_core.shell:Creating prefix util module '/home/ziad/Downloads/ScoutRobot/ros_elegoo/install/_local_setup_util_ps1.py'
[2.578s] INFO:colcon.colcon_core.shell:Creating prefix chain script '/home/ziad/Downloads/ScoutRobot/ros_elegoo/install/setup.ps1'
[2.588s] INFO:colcon.colcon_core.shell:Creating prefix script '/home/ziad/Downloads/ScoutRobot/ros_elegoo/install/local_setup.sh'
[2.589s] INFO:colcon.colcon_core.shell:Creating prefix util module '/home/ziad/Downloads/ScoutRobot/ros_elegoo/install/_local_setup_util_sh.py'
[2.590s] INFO:colcon.colcon_core.shell:Creating prefix chain script '/home/ziad/Downloads/ScoutRobot/ros_elegoo/install/setup.sh'
[2.596s] INFO:colcon.colcon_core.shell:Creating prefix script '/home/ziad/Downloads/ScoutRobot/ros_elegoo/install/local_setup.bash'
[2.597s] INFO:colcon.colcon_core.shell:Creating prefix chain script '/home/ziad/Downloads/ScoutRobot/ros_elegoo/install/setup.bash'
[2.604s] INFO:colcon.colcon_core.shell:Creating prefix script '/home/ziad/Downloads/ScoutRobot/ros_elegoo/install/local_setup.zsh'
[2.604s] INFO:colcon.colcon_core.shell:Creating prefix chain script '/home/ziad/Downloads/ScoutRobot/ros_elegoo/install/setup.zsh'
